<?xml version="1.0" encoding="UTF-8"?>
<testsuite xmlns:xsi="http://www.w3.org/2001/XMLSchema-instance" xsi:noNamespaceSchemaLocation="https://maven.apache.org/surefire/maven-surefire-plugin/xsd/surefire-test-report-3.0.xsd" version="3.0" name="com.automation.cucumber.Options.TestRunner" time="9.276" tests="4" errors="0" skipped="0" failures="0">
  <properties>
[...]
</properties>
  <testcase name="Validate user is getting the user list #1" classname="Validate the user Api" time="4.035">
    <system-out><![CDATA[/api/users
Request method:	POST
Request URI:	https://reqres.in/api/users
Proxy:			<none>
Request params:	<none>
Query params:	<none>
Form params:	<none>
Path params:	<none>
Headers:		Accept=*/*
				Content-Type=application/json
Cookies:		<none>
Multiparts:		<none>
Body:
{
    "job": "leader",
    "customername": "morpheus123"
}
201
]]></system-out>
    <system-err><![CDATA[SLF4J: Failed to load class "org.slf4j.impl.StaticLoggerBinder".
SLF4J: Defaulting to no-operation (NOP) logger implementation
SLF4J: See http://www.slf4j.org/codes.html#StaticLoggerBinder for further details.
]]></system-err>
  </testcase>
  <testcase name="Validate user is getting the user list #2" classname="Validate the user Api" time="0.637">
    <system-out><![CDATA[/api/users
Request method:	POST
Request URI:	https://reqres.in/api/users
Proxy:			<none>
Request params:	<none>
Query params:	<none>
Form params:	<none>
Path params:	<none>
Headers:		Accept=*/*
				Content-Type=application/json
Cookies:		<none>
Multiparts:		<none>
Body:
{
    "job": "Manager",
    "customername": "Asrpher123"
}
201
]]></system-out>
  </testcase>
  <testcase name="Validate user Information are Updated #1" classname="Validate the user Api" time="1.215">
    <system-out><![CDATA[RUN THIS IN HOOK CLASS
/api/users/2
Request method:	POST
Request URI:	https://reqres.in/api/users/2
Proxy:			<none>
Request params:	<none>
Query params:	<none>
Form params:	<none>
Path params:	<none>
Headers:		Accept=*/*
				Content-Type=application/json
Cookies:		<none>
Multiparts:		<none>
Body:
{
    "job": "leader",
    "customername": "morpheus"
}
201
]]></system-out>
  </testcase>
  <testcase name="Validate user Information are Updated #2" classname="Validate the user Api" time="2.452">
    <system-out><![CDATA[RUN THIS IN HOOK CLASS
/api/users/2
Request method:	POST
Request URI:	https://reqres.in/api/users/2
Proxy:			<none>
Request params:	<none>
Query params:	<none>
Form params:	<none>
Path params:	<none>
Headers:		Accept=*/*
				Content-Type=application/json
Cookies:		<none>
Multiparts:		<none>
Body:
{
    "job": "Manager",
    "customername": "Asrpher"
}
201
]]></system-out>
  </testcase>
</testsuite>